2024-01-29T16:33:24.039-08:00  INFO 12532 --- [restartedMain] com.example.demo.DemoApplication         : Starting DemoApplication using Java 21.0.1 with PID 12532 (D:\GAMES\Spring\Learning Spring\Learn Spring\target\classes started by degoz in D:\GAMES\Spring\Learning Spring\Learn Spring)
2024-01-29T16:33:24.042-08:00  INFO 12532 --- [restartedMain] com.example.demo.DemoApplication         : No active profile set, falling back to 1 default profile: "default"
2024-01-29T16:33:24.131-08:00  INFO 12532 --- [restartedMain] .e.DevToolsPropertyDefaultsPostProcessor : Devtools property defaults active! Set 'spring.devtools.add-properties' to 'false' to disable
2024-01-29T16:33:24.132-08:00  INFO 12532 --- [restartedMain] .e.DevToolsPropertyDefaultsPostProcessor : For additional web related logging consider setting the 'logging.level.web' property to 'DEBUG'
2024-01-29T16:33:26.936-08:00  INFO 12532 --- [restartedMain] o.s.b.w.embedded.tomcat.TomcatWebServer  : Tomcat initialized with port 8080 (http)
2024-01-29T16:33:26.970-08:00  INFO 12532 --- [restartedMain] o.apache.catalina.core.StandardService   : Starting service [Tomcat]
2024-01-29T16:33:26.971-08:00  INFO 12532 --- [restartedMain] o.apache.catalina.core.StandardEngine    : Starting Servlet engine: [Apache Tomcat/10.1.18]
2024-01-29T16:33:27.072-08:00  INFO 12532 --- [restartedMain] o.a.c.c.C.[Tomcat].[localhost].[/]       : Initializing Spring embedded WebApplicationContext
2024-01-29T16:33:27.073-08:00  INFO 12532 --- [restartedMain] w.s.c.ServletWebServerApplicationContext : Root WebApplicationContext: initialization completed in 2937 ms
2024-01-29T16:33:27.478-08:00 DEBUG 12532 --- [restartedMain] o.s.w.f.ServerHttpObservationFilter      : Filter 'webMvcObservationFilter' configured for use
2024-01-29T16:33:27.726-08:00 DEBUG 12532 --- [restartedMain] s.w.s.m.m.a.RequestMappingHandlerMapping : 5 mappings in 'requestMappingHandlerMapping'
2024-01-29T16:33:27.863-08:00 DEBUG 12532 --- [restartedMain] o.s.w.s.handler.SimpleUrlHandlerMapping  : Patterns [/webjars/**, /**] in 'resourceHandlerMapping'
2024-01-29T16:33:27.925-08:00 DEBUG 12532 --- [restartedMain] s.w.s.m.m.a.RequestMappingHandlerAdapter : ControllerAdvice beans: 0 @ModelAttribute, 0 @InitBinder, 1 RequestBodyAdvice, 1 ResponseBodyAdvice
2024-01-29T16:33:28.002-08:00 DEBUG 12532 --- [restartedMain] .m.m.a.ExceptionHandlerExceptionResolver : ControllerAdvice beans: 0 @ExceptionHandler, 1 ResponseBodyAdvice
2024-01-29T16:33:28.723-08:00  INFO 12532 --- [restartedMain] o.s.b.a.e.web.EndpointLinksResolver      : Exposing 14 endpoint(s) beneath base path '/actuator'
2024-01-29T16:33:28.757-08:00  INFO 12532 --- [restartedMain] o.s.s.web.DefaultSecurityFilterChain     : Will secure any request with [org.springframework.security.web.session.DisableEncodeUrlFilter@7404e3c4, org.springframework.security.web.context.request.async.WebAsyncManagerIntegrationFilter@eec5666, org.springframework.security.web.context.SecurityContextHolderFilter@220faff7, org.springframework.security.web.header.HeaderWriterFilter@1ad0fcb2, org.springframework.web.filter.CorsFilter@7a84f60f, org.springframework.security.web.csrf.CsrfFilter@4b780d17, org.springframework.security.web.authentication.logout.LogoutFilter@ad0611d, org.springframework.security.web.authentication.UsernamePasswordAuthenticationFilter@6eab62ec, org.springframework.security.web.authentication.ui.DefaultLoginPageGeneratingFilter@699d91fe, org.springframework.security.web.authentication.ui.DefaultLogoutPageGeneratingFilter@3ed74041, org.springframework.security.web.authentication.www.BasicAuthenticationFilter@d9ef18b, org.springframework.security.web.savedrequest.RequestCacheAwareFilter@5500bf, org.springframework.security.web.servletapi.SecurityContextHolderAwareRequestFilter@3af062ce, org.springframework.security.web.authentication.AnonymousAuthenticationFilter@6d9e8e9c, org.springframework.security.web.access.ExceptionTranslationFilter@59e5a5e9, org.springframework.security.web.access.intercept.AuthorizationFilter@74379ed3]
2024-01-29T16:33:28.865-08:00  INFO 12532 --- [restartedMain] o.s.b.d.a.OptionalLiveReloadServer       : LiveReload server is running on port 35729
2024-01-29T16:33:29.007-08:00  INFO 12532 --- [restartedMain] o.s.b.w.embedded.tomcat.TomcatWebServer  : Tomcat started on port 8080 (http) with context path ''
2024-01-29T16:33:29.035-08:00  INFO 12532 --- [restartedMain] com.example.demo.DemoApplication         : Started DemoApplication in 5.849 seconds (process running for 6.889)
2024-01-29T16:33:34.082-08:00  INFO 12532 --- [http-nio-8080-exec-1] o.a.c.c.C.[Tomcat].[localhost].[/]       : Initializing Spring DispatcherServlet 'dispatcherServlet'
2024-01-29T16:33:34.087-08:00  INFO 12532 --- [http-nio-8080-exec-1] o.s.web.servlet.DispatcherServlet        : Initializing Servlet 'dispatcherServlet'
2024-01-29T16:33:34.094-08:00 DEBUG 12532 --- [http-nio-8080-exec-1] o.s.web.servlet.DispatcherServlet        : Detected StandardServletMultipartResolver
2024-01-29T16:33:34.095-08:00 DEBUG 12532 --- [http-nio-8080-exec-1] o.s.web.servlet.DispatcherServlet        : Detected AcceptHeaderLocaleResolver
2024-01-29T16:33:34.096-08:00 DEBUG 12532 --- [http-nio-8080-exec-1] o.s.web.servlet.DispatcherServlet        : Detected FixedThemeResolver
2024-01-29T16:33:34.102-08:00 DEBUG 12532 --- [http-nio-8080-exec-1] o.s.web.servlet.DispatcherServlet        : Detected org.springframework.web.servlet.view.DefaultRequestToViewNameTranslator@69fb3c92
2024-01-29T16:33:34.104-08:00 DEBUG 12532 --- [http-nio-8080-exec-1] o.s.web.servlet.DispatcherServlet        : Detected org.springframework.web.servlet.support.SessionFlashMapManager@16c84f38
2024-01-29T16:33:34.108-08:00 DEBUG 12532 --- [http-nio-8080-exec-1] o.s.web.servlet.DispatcherServlet        : enableLoggingRequestDetails='false': request parameters and headers will be masked to prevent unsafe logging of potentially sensitive data
2024-01-29T16:33:34.108-08:00  INFO 12532 --- [http-nio-8080-exec-1] o.s.web.servlet.DispatcherServlet        : Completed initialization in 20 ms
2024-01-29T16:33:34.643-08:00 DEBUG 12532 --- [http-nio-8080-exec-1] o.s.web.servlet.DispatcherServlet        : GET "/motorcycle", parameters={}
2024-01-29T16:33:34.670-08:00 DEBUG 12532 --- [http-nio-8080-exec-1] s.w.s.m.m.a.RequestMappingHandlerMapping : Mapped to com.example.demo.rest.RestController#getMotorBrand()
2024-01-29T16:33:34.734-08:00 DEBUG 12532 --- [http-nio-8080-exec-1] m.m.a.RequestResponseBodyMethodProcessor : Using 'text/plain', given [*/*] and supported [text/plain, */*, application/json, application/*+json]
2024-01-29T16:33:34.735-08:00 DEBUG 12532 --- [http-nio-8080-exec-1] m.m.a.RequestResponseBodyMethodProcessor : Writing ["Motorcycle Brand : Aerox and Rider is Roniel"]
2024-01-29T16:33:34.749-08:00 DEBUG 12532 --- [http-nio-8080-exec-1] o.s.web.servlet.DispatcherServlet        : Completed 200 OK
2024-01-29T16:33:39.532-08:00 DEBUG 12532 --- [http-nio-8080-exec-4] o.s.web.servlet.DispatcherServlet        : GET "/motorcycle", parameters={}
2024-01-29T16:33:39.534-08:00 DEBUG 12532 --- [http-nio-8080-exec-4] s.w.s.m.m.a.RequestMappingHandlerMapping : Mapped to com.example.demo.rest.RestController#getMotorBrand()
2024-01-29T16:33:39.536-08:00 DEBUG 12532 --- [http-nio-8080-exec-4] m.m.a.RequestResponseBodyMethodProcessor : Using 'text/plain', given [*/*] and supported [text/plain, */*, application/json, application/*+json]
2024-01-29T16:33:39.537-08:00 DEBUG 12532 --- [http-nio-8080-exec-4] m.m.a.RequestResponseBodyMethodProcessor : Writing ["Motorcycle Brand : Aerox and Rider is Roniel"]
2024-01-29T16:33:39.539-08:00 DEBUG 12532 --- [http-nio-8080-exec-4] o.s.web.servlet.DispatcherServlet        : Completed 200 OK
2024-01-29T16:42:46.180-08:00  INFO 12872 --- [restartedMain] com.example.demo.DemoApplication         : Starting DemoApplication using Java 21.0.1 with PID 12872 (D:\GAMES\Spring\Learning Spring\Learn Spring\target\classes started by degoz in D:\GAMES\Spring\Learning Spring\Learn Spring)
2024-01-29T16:42:46.184-08:00  INFO 12872 --- [restartedMain] com.example.demo.DemoApplication         : No active profile set, falling back to 1 default profile: "default"
2024-01-29T16:42:46.319-08:00  INFO 12872 --- [restartedMain] .e.DevToolsPropertyDefaultsPostProcessor : Devtools property defaults active! Set 'spring.devtools.add-properties' to 'false' to disable
2024-01-29T16:42:46.320-08:00  INFO 12872 --- [restartedMain] .e.DevToolsPropertyDefaultsPostProcessor : For additional web related logging consider setting the 'logging.level.web' property to 'DEBUG'
2024-01-29T16:42:49.402-08:00  INFO 12872 --- [restartedMain] o.s.b.w.embedded.tomcat.TomcatWebServer  : Tomcat initialized with port 8080 (http)
2024-01-29T16:42:49.433-08:00  INFO 12872 --- [restartedMain] o.apache.catalina.core.StandardService   : Starting service [Tomcat]
2024-01-29T16:42:49.433-08:00  INFO 12872 --- [restartedMain] o.apache.catalina.core.StandardEngine    : Starting Servlet engine: [Apache Tomcat/10.1.18]
2024-01-29T16:42:49.533-08:00  INFO 12872 --- [restartedMain] o.a.c.c.C.[Tomcat].[localhost].[/]       : Initializing Spring embedded WebApplicationContext
2024-01-29T16:42:49.534-08:00  INFO 12872 --- [restartedMain] w.s.c.ServletWebServerApplicationContext : Root WebApplicationContext: initialization completed in 3213 ms
2024-01-29T16:42:50.129-08:00 DEBUG 12872 --- [restartedMain] o.s.w.f.ServerHttpObservationFilter      : Filter 'webMvcObservationFilter' configured for use
2024-01-29T16:42:50.435-08:00 DEBUG 12872 --- [restartedMain] s.w.s.m.m.a.RequestMappingHandlerMapping : 5 mappings in 'requestMappingHandlerMapping'
2024-01-29T16:42:50.614-08:00 DEBUG 12872 --- [restartedMain] o.s.w.s.handler.SimpleUrlHandlerMapping  : Patterns [/webjars/**, /**] in 'resourceHandlerMapping'
2024-01-29T16:42:50.677-08:00 DEBUG 12872 --- [restartedMain] s.w.s.m.m.a.RequestMappingHandlerAdapter : ControllerAdvice beans: 0 @ModelAttribute, 0 @InitBinder, 1 RequestBodyAdvice, 1 ResponseBodyAdvice
2024-01-29T16:42:50.736-08:00 DEBUG 12872 --- [restartedMain] .m.m.a.ExceptionHandlerExceptionResolver : ControllerAdvice beans: 0 @ExceptionHandler, 1 ResponseBodyAdvice
2024-01-29T16:42:51.655-08:00  INFO 12872 --- [restartedMain] o.s.b.a.e.web.EndpointLinksResolver      : Exposing 14 endpoint(s) beneath base path '/actuator'
2024-01-29T16:42:51.681-08:00  INFO 12872 --- [restartedMain] o.s.s.web.DefaultSecurityFilterChain     : Will secure any request with [org.springframework.security.web.session.DisableEncodeUrlFilter@4b5a621c, org.springframework.security.web.context.request.async.WebAsyncManagerIntegrationFilter@7c14a90e, org.springframework.security.web.context.SecurityContextHolderFilter@38b89eb6, org.springframework.security.web.header.HeaderWriterFilter@5950d1ce, org.springframework.web.filter.CorsFilter@4b5e040b, org.springframework.security.web.csrf.CsrfFilter@2b2d3e45, org.springframework.security.web.authentication.logout.LogoutFilter@1ad0fcb2, org.springframework.security.web.authentication.UsernamePasswordAuthenticationFilter@7188172f, org.springframework.security.web.authentication.ui.DefaultLoginPageGeneratingFilter@2418491c, org.springframework.security.web.authentication.ui.DefaultLogoutPageGeneratingFilter@65b136e7, org.springframework.security.web.authentication.www.BasicAuthenticationFilter@2ea32b42, org.springframework.security.web.savedrequest.RequestCacheAwareFilter@1b0f1e61, org.springframework.security.web.servletapi.SecurityContextHolderAwareRequestFilter@64af8d3b, org.springframework.security.web.authentication.AnonymousAuthenticationFilter@7d63e2cf, org.springframework.security.web.access.ExceptionTranslationFilter@4d20be23, org.springframework.security.web.access.intercept.AuthorizationFilter@2ce08bb9]
2024-01-29T16:42:51.751-08:00  INFO 12872 --- [restartedMain] o.s.b.d.a.OptionalLiveReloadServer       : LiveReload server is running on port 35729
2024-01-29T16:42:51.855-08:00  INFO 12872 --- [restartedMain] o.s.b.w.embedded.tomcat.TomcatWebServer  : Tomcat started on port 8080 (http) with context path ''
2024-01-29T16:42:51.894-08:00  INFO 12872 --- [restartedMain] com.example.demo.DemoApplication         : Started DemoApplication in 6.636 seconds (process running for 7.816)
2024-01-29T16:43:19.373-08:00  INFO 12872 --- [http-nio-8080-exec-3] o.a.c.c.C.[Tomcat].[localhost].[/]       : Initializing Spring DispatcherServlet 'dispatcherServlet'
2024-01-29T16:43:19.374-08:00  INFO 12872 --- [http-nio-8080-exec-3] o.s.web.servlet.DispatcherServlet        : Initializing Servlet 'dispatcherServlet'
2024-01-29T16:43:19.374-08:00 DEBUG 12872 --- [http-nio-8080-exec-3] o.s.web.servlet.DispatcherServlet        : Detected StandardServletMultipartResolver
2024-01-29T16:43:19.374-08:00 DEBUG 12872 --- [http-nio-8080-exec-3] o.s.web.servlet.DispatcherServlet        : Detected AcceptHeaderLocaleResolver
2024-01-29T16:43:19.374-08:00 DEBUG 12872 --- [http-nio-8080-exec-3] o.s.web.servlet.DispatcherServlet        : Detected FixedThemeResolver
2024-01-29T16:43:19.376-08:00 DEBUG 12872 --- [http-nio-8080-exec-3] o.s.web.servlet.DispatcherServlet        : Detected org.springframework.web.servlet.view.DefaultRequestToViewNameTranslator@ebd408e
2024-01-29T16:43:19.376-08:00 DEBUG 12872 --- [http-nio-8080-exec-3] o.s.web.servlet.DispatcherServlet        : Detected org.springframework.web.servlet.support.SessionFlashMapManager@48804a4b
2024-01-29T16:43:19.377-08:00 DEBUG 12872 --- [http-nio-8080-exec-3] o.s.web.servlet.DispatcherServlet        : enableLoggingRequestDetails='false': request parameters and headers will be masked to prevent unsafe logging of potentially sensitive data
2024-01-29T16:43:19.378-08:00  INFO 12872 --- [http-nio-8080-exec-3] o.s.web.servlet.DispatcherServlet        : Completed initialization in 3 ms
2024-01-29T16:43:19.718-08:00 DEBUG 12872 --- [http-nio-8080-exec-3] o.s.web.servlet.DispatcherServlet        : GET "/motorcycle", parameters={}
2024-01-29T16:43:19.724-08:00 DEBUG 12872 --- [http-nio-8080-exec-3] s.w.s.m.m.a.RequestMappingHandlerMapping : Mapped to com.example.demo.rest.RestController#getMotorBrand()
2024-01-29T16:43:19.758-08:00 DEBUG 12872 --- [http-nio-8080-exec-3] m.m.a.RequestResponseBodyMethodProcessor : Using 'text/plain', given [*/*] and supported [text/plain, */*, application/json, application/*+json]
2024-01-29T16:43:19.759-08:00 DEBUG 12872 --- [http-nio-8080-exec-3] m.m.a.RequestResponseBodyMethodProcessor : Writing ["Motorcycle Brand : Aerox and Rider is Roniel"]
2024-01-29T16:43:19.772-08:00 DEBUG 12872 --- [http-nio-8080-exec-3] o.s.web.servlet.DispatcherServlet        : Completed 200 OK
2024-01-29T16:44:21.676-08:00  INFO 12872 --- [File Watcher] rtingClassPathChangeChangedEventListener : Restarting due to 1 class path change (0 additions, 0 deletions, 1 modification)
